<?xml version="1.0" encoding="UTF-8"?><testsuite errors="1" failures="0" name="Post Account" skipped="0" tests="1" time="1.26" timestamp="2022-10-20 03:01:06"><testcase name="Create project with valid name"><error type="java.lang.NullPointerException"/><system-err>null&#13;
net.serenitybdd.rest.SerenityRest.lastResponse(SerenityRest.java:67)&#13;
net.serenitybdd.rest.SerenityRest.then(SerenityRest.java:62)&#13;
serenity.rest@1.0-SNAPSHOT/starter.Account.GetAccount.validateStatus200(GetAccount.java:94)&#13;
serenity.rest@1.0-SNAPSHOT/starter.stepdefinitions.Projects.AccountSteps.iWillGet200(AccountSteps.java:26)&#13;
✽.I will get 200(file:///D:/API-TEST/serenity-rest/src/test/resources/features.Projects/PostAccount.feature:9)&#13;
</system-err></testcase></testsuite>